Copyright 1986-2015 Xilinx, Inc. All Rights Reserved.
----------------------------------------------------------------------------------------
| Tool Version     : Vivado v.2015.2 (win64) Build 1266856 Fri Jun 26 16:35:25 MDT 2015
| Date             : Wed Oct 26 11:59:50 2016
| Host             : EddieRichter-PC running 64-bit Service Pack 1  (build 7601)
| Command          : 
| Design           : top
| Device           : xc7a100tcsg324-1
| Design State     : Routed
| Grade            : commercial
| Process          : typical
| Characterization : Production
----------------------------------------------------------------------------------------

Power Report

Table of Contents
-----------------
1. Summary
1.1 On-Chip Components
1.2 Power Supply Summary
1.3 Confidence Level
2. Settings
2.1 Environment
2.2 Clock Constraints
3. Detailed Reports
3.1 By Hierarchy

1. Summary
----------

+--------------------------+-----------------------------------+
| Total On-Chip Power (W)  | 130.454 (Junction temp exceeded!) |
| Dynamic (W)              | 129.655                           |
| Device Static (W)        | 0.799                             |
| Effective TJA (C/W)      | 4.6                               |
| Max Ambient (C)          | 0.0                               |
| Junction Temperature (C) | 125.0                             |
| Confidence Level         | Low                               |
| Setting File             | ---                               |
| Simulation Activity File | ---                               |
| Design Nets Matched      | NA                                |
+--------------------------+-----------------------------------+


1.1 On-Chip Components
----------------------

+--------------------------+-----------+----------+-----------+-----------------+
| On-Chip                  | Power (W) | Used     | Available | Utilization (%) |
+--------------------------+-----------+----------+-----------+-----------------+
| Slice Logic              |    60.926 |     6985 |       --- |             --- |
|   LUT as Logic           |    54.189 |     4235 |     63400 |            6.68 |
|   CARRY4                 |     3.395 |      636 |     15850 |            4.01 |
|   LUT as Distributed RAM |     2.928 |      512 |     19000 |            2.69 |
|   F7/F8 Muxes            |     0.355 |      418 |     63400 |            0.66 |
|   Register               |     0.040 |      191 |    126800 |            0.15 |
|   BUFG                   |     0.020 |        5 |        32 |           15.63 |
|   Others                 |     0.000 |       26 |       --- |             --- |
| Signals                  |    52.321 |     5442 |       --- |             --- |
| Block RAM                |     0.216 |        1 |       135 |            0.74 |
| DSPs                     |     2.769 |        3 |       240 |            1.25 |
| I/O                      |    13.422 |       18 |       210 |            8.57 |
| Static Power             |     0.799 |          |           |                 |
| Total                    |   130.454 |          |           |                 |
+--------------------------+-----------+----------+-----------+-----------------+


1.2 Power Supply Summary
------------------------

+-----------+-------------+-----------+-------------+------------+
| Source    | Voltage (V) | Total (A) | Dynamic (A) | Static (A) |
+-----------+-------------+-----------+-------------+------------+
| Vccint    |       1.000 |   116.799 |     116.235 |      0.564 |
| Vccaux    |       1.800 |     0.584 |       0.492 |      0.093 |
| Vcco33    |       3.300 |     3.801 |       3.797 |      0.004 |
| Vcco25    |       2.500 |     0.000 |       0.000 |      0.000 |
| Vcco18    |       1.800 |     0.000 |       0.000 |      0.000 |
| Vcco15    |       1.500 |     0.000 |       0.000 |      0.000 |
| Vcco135   |       1.350 |     0.000 |       0.000 |      0.000 |
| Vcco12    |       1.200 |     0.000 |       0.000 |      0.000 |
| Vccaux_io |       1.800 |     0.000 |       0.000 |      0.000 |
| Vccbram   |       1.000 |     0.024 |       0.006 |      0.019 |
| MGTAVcc   |       1.000 |     0.000 |       0.000 |      0.000 |
| MGTAVtt   |       1.200 |     0.000 |       0.000 |      0.000 |
| Vccadc    |       1.800 |     0.020 |       0.000 |      0.020 |
+-----------+-------------+-----------+-------------+------------+


1.3 Confidence Level
--------------------

+-----------------------------+------------+--------------------------------------------------------+--------------------------------------------------------------------------------------------------------------------+
| User Input Data             | Confidence | Details                                                | Action                                                                                                             |
+-----------------------------+------------+--------------------------------------------------------+--------------------------------------------------------------------------------------------------------------------+
| Design implementation state | High       | Design is routed                                       |                                                                                                                    |
| Clock nodes activity        | Low        | User specified less than 75% of clocks                 | Provide missing clock activity with a constraint file, simulation results or by editing the "By Clock Domain" view |
| I/O nodes activity          | Low        | More than 75% of inputs are missing user specification | Provide missing input activity with simulation results or by editing the "By Resource Type -> I/Os" view           |
| Internal nodes activity     | Medium     | User specified less than 25% of internal nodes         | Provide missing internal nodes activity with simulation results or by editing the "By Resource Type" views         |
| Device models               | High       | Device models are Production                           |                                                                                                                    |
|                             |            |                                                        |                                                                                                                    |
| Overall confidence level    | Low        |                                                        |                                                                                                                    |
+-----------------------------+------------+--------------------------------------------------------+--------------------------------------------------------------------------------------------------------------------+


2. Settings
-----------

2.1 Environment
---------------

+-----------------------+--------------------------+
| Ambient Temp (C)      | 25.0                     |
| ThetaJA (C/W)         | 4.6                      |
| Airflow (LFM)         | 250                      |
| Heat Sink             | medium (Medium Profile)  |
| ThetaSA (C/W)         | 4.6                      |
| Board Selection       | medium (10"x10")         |
| # of Board Layers     | 12to15 (12 to 15 Layers) |
| Board Temperature (C) | 25.0                     |
+-----------------------+--------------------------+


2.2 Clock Constraints
---------------------

+-------+--------+-----------------+
| Clock | Domain | Constraint (ns) |
+-------+--------+-----------------+


3. Detailed Reports
-------------------

3.1 By Hierarchy
----------------

+-------------------------------+-----------+
| Name                          | Power (W) |
+-------------------------------+-----------+
| top                           |   129.655 |
|   ALU1                        |     3.654 |
|   BC                          |    <0.001 |
|   C1                          |    12.500 |
|   CD                          |     0.085 |
|   DM1                         |     4.537 |
|     memory_reg_0_255_0_0      |     0.039 |
|     memory_reg_0_255_10_10    |     0.029 |
|     memory_reg_0_255_11_11    |     0.030 |
|     memory_reg_0_255_12_12    |     0.028 |
|     memory_reg_0_255_13_13    |     0.029 |
|     memory_reg_0_255_14_14    |     0.030 |
|     memory_reg_0_255_15_15    |     0.028 |
|     memory_reg_0_255_16_16    |     0.025 |
|     memory_reg_0_255_17_17    |     0.023 |
|     memory_reg_0_255_18_18    |     0.025 |
|     memory_reg_0_255_19_19    |     0.023 |
|     memory_reg_0_255_1_1      |     0.039 |
|     memory_reg_0_255_20_20    |     0.023 |
|     memory_reg_0_255_21_21    |     0.025 |
|     memory_reg_0_255_22_22    |     0.023 |
|     memory_reg_0_255_23_23    |     0.023 |
|     memory_reg_0_255_24_24    |     0.022 |
|     memory_reg_0_255_25_25    |     0.024 |
|     memory_reg_0_255_26_26    |     0.023 |
|     memory_reg_0_255_27_27    |     0.023 |
|     memory_reg_0_255_28_28    |     0.023 |
|     memory_reg_0_255_29_29    |     0.023 |
|     memory_reg_0_255_2_2      |     0.039 |
|     memory_reg_0_255_30_30    |     0.024 |
|     memory_reg_0_255_31_31    |     0.022 |
|     memory_reg_0_255_3_3      |     0.036 |
|     memory_reg_0_255_4_4      |     0.039 |
|     memory_reg_0_255_5_5      |     0.039 |
|     memory_reg_0_255_6_6      |     0.039 |
|     memory_reg_0_255_7_7      |     0.039 |
|     memory_reg_0_255_8_8      |     0.030 |
|     memory_reg_0_255_9_9      |     0.029 |
|     memory_reg_256_511_0_0    |     0.038 |
|     memory_reg_256_511_10_10  |     0.032 |
|     memory_reg_256_511_11_11  |     0.030 |
|     memory_reg_256_511_12_12  |     0.033 |
|     memory_reg_256_511_13_13  |     0.028 |
|     memory_reg_256_511_14_14  |     0.029 |
|     memory_reg_256_511_15_15  |     0.029 |
|     memory_reg_256_511_16_16  |     0.025 |
|     memory_reg_256_511_17_17  |     0.024 |
|     memory_reg_256_511_18_18  |     0.023 |
|     memory_reg_256_511_19_19  |     0.023 |
|     memory_reg_256_511_1_1    |     0.040 |
|     memory_reg_256_511_20_20  |     0.024 |
|     memory_reg_256_511_21_21  |     0.025 |
|     memory_reg_256_511_22_22  |     0.024 |
|     memory_reg_256_511_23_23  |     0.024 |
|     memory_reg_256_511_24_24  |     0.024 |
|     memory_reg_256_511_25_25  |     0.023 |
|     memory_reg_256_511_26_26  |     0.024 |
|     memory_reg_256_511_27_27  |     0.023 |
|     memory_reg_256_511_28_28  |     0.023 |
|     memory_reg_256_511_29_29  |     0.024 |
|     memory_reg_256_511_2_2    |     0.038 |
|     memory_reg_256_511_30_30  |     0.023 |
|     memory_reg_256_511_31_31  |     0.026 |
|     memory_reg_256_511_3_3    |     0.041 |
|     memory_reg_256_511_4_4    |     0.039 |
|     memory_reg_256_511_5_5    |     0.038 |
|     memory_reg_256_511_6_6    |     0.040 |
|     memory_reg_256_511_7_7    |     0.038 |
|     memory_reg_256_511_8_8    |     0.031 |
|     memory_reg_256_511_9_9    |     0.031 |
|     memory_reg_512_767_0_0    |     0.040 |
|     memory_reg_512_767_10_10  |     0.032 |
|     memory_reg_512_767_11_11  |     0.029 |
|     memory_reg_512_767_12_12  |     0.030 |
|     memory_reg_512_767_13_13  |     0.029 |
|     memory_reg_512_767_14_14  |     0.028 |
|     memory_reg_512_767_15_15  |     0.029 |
|     memory_reg_512_767_16_16  |     0.024 |
|     memory_reg_512_767_17_17  |     0.023 |
|     memory_reg_512_767_18_18  |     0.023 |
|     memory_reg_512_767_19_19  |     0.025 |
|     memory_reg_512_767_1_1    |     0.039 |
|     memory_reg_512_767_20_20  |     0.025 |
|     memory_reg_512_767_21_21  |     0.023 |
|     memory_reg_512_767_22_22  |     0.025 |
|     memory_reg_512_767_23_23  |     0.023 |
|     memory_reg_512_767_24_24  |     0.023 |
|     memory_reg_512_767_25_25  |     0.023 |
|     memory_reg_512_767_26_26  |     0.023 |
|     memory_reg_512_767_27_27  |     0.024 |
|     memory_reg_512_767_28_28  |     0.025 |
|     memory_reg_512_767_29_29  |     0.023 |
|     memory_reg_512_767_2_2    |     0.041 |
|     memory_reg_512_767_30_30  |     0.024 |
|     memory_reg_512_767_31_31  |     0.024 |
|     memory_reg_512_767_3_3    |     0.038 |
|     memory_reg_512_767_4_4    |     0.038 |
|     memory_reg_512_767_5_5    |     0.041 |
|     memory_reg_512_767_6_6    |     0.038 |
|     memory_reg_512_767_7_7    |     0.038 |
|     memory_reg_512_767_8_8    |     0.029 |
|     memory_reg_512_767_9_9    |     0.028 |
|     memory_reg_768_1023_0_0   |     0.039 |
|     memory_reg_768_1023_10_10 |     0.028 |
|     memory_reg_768_1023_11_11 |     0.030 |
|     memory_reg_768_1023_12_12 |     0.029 |
|     memory_reg_768_1023_13_13 |     0.029 |
|     memory_reg_768_1023_14_14 |     0.029 |
|     memory_reg_768_1023_15_15 |     0.029 |
|     memory_reg_768_1023_16_16 |     0.023 |
|     memory_reg_768_1023_17_17 |     0.025 |
|     memory_reg_768_1023_18_18 |     0.023 |
|     memory_reg_768_1023_19_19 |     0.025 |
|     memory_reg_768_1023_1_1   |     0.039 |
|     memory_reg_768_1023_20_20 |     0.023 |
|     memory_reg_768_1023_21_21 |     0.024 |
|     memory_reg_768_1023_22_22 |     0.023 |
|     memory_reg_768_1023_23_23 |     0.023 |
|     memory_reg_768_1023_24_24 |     0.023 |
|     memory_reg_768_1023_25_25 |     0.024 |
|     memory_reg_768_1023_26_26 |     0.026 |
|     memory_reg_768_1023_27_27 |     0.023 |
|     memory_reg_768_1023_28_28 |     0.023 |
|     memory_reg_768_1023_29_29 |     0.026 |
|     memory_reg_768_1023_2_2   |     0.040 |
|     memory_reg_768_1023_30_30 |     0.025 |
|     memory_reg_768_1023_31_31 |     0.023 |
|     memory_reg_768_1023_3_3   |     0.038 |
|     memory_reg_768_1023_4_4   |     0.040 |
|     memory_reg_768_1023_5_5   |     0.037 |
|     memory_reg_768_1023_6_6   |     0.038 |
|     memory_reg_768_1023_7_7   |     0.037 |
|     memory_reg_768_1023_8_8   |     0.028 |
|     memory_reg_768_1023_9_9   |     0.029 |
|   M13                         |     0.248 |
|   M14                         |     0.067 |
|   M15                         |     0.294 |
|   M16                         |     0.067 |
|   M17                         |     0.026 |
|   M18                         |     0.326 |
|   M2                          |     2.835 |
|   PCAdder1                    |     0.538 |
|   ProgramCounter1             |    42.077 |
|   RF1                         |     9.105 |
|   hugo                        |    25.172 |
|     m1                        |     3.923 |
+-------------------------------+-----------+


